<?xml version="1.0" encoding="UTF-8" standalone="no"?>
<testsuite failures="1" name="cucumber.runtime.formatter.JUnitFormatter" skipped="0" tests="1" time="134.458869">
<testcase classname="GSM Arena News testing" name="GSM Arena open page - passing" time="134.458869">
<failure message="java.lang.AssertionError: News page is not opened! expected [true] but found [false]&#13;&#10;&#9;at org.testng.Assert.fail(Assert.java:96)&#13;&#10;&#9;at org.testng.Assert.failNotEquals(Assert.java:776)&#13;&#10;&#9;at org.testng.Assert.assertTrue(Assert.java:44)&#13;&#10;&#9;at com.qaprosoft.carina.demo.cucumber.steps.GSMArenaNewsSteps.iOpenNewsPage(GSMArenaNewsSteps.java:35)&#13;&#10;&#9;at ✽.When I open 'News' page(src/test/resources/features/GSMArenaNews.feature:7)&#13;&#10;"><![CDATA[Given I am on main page.....................................................passed
When I open 'News' page.....................................................failed
Then page 'News' should be open.............................................skipped
And page 'News' should contains all items...................................skipped

StackTrace:
java.lang.AssertionError: News page is not opened! expected [true] but found [false]
	at org.testng.Assert.fail(Assert.java:96)
	at org.testng.Assert.failNotEquals(Assert.java:776)
	at org.testng.Assert.assertTrue(Assert.java:44)
	at com.qaprosoft.carina.demo.cucumber.steps.GSMArenaNewsSteps.iOpenNewsPage(GSMArenaNewsSteps.java:35)
	at ✽.When I open 'News' page(src/test/resources/features/GSMArenaNews.feature:7)
]]></failure>
</testcase>
</testsuite>
